[debug] [2019-03-18T04:23:54.848Z] ----------------------------------------------------------------------
[debug] [2019-03-18T04:23:54.854Z] Command:       C:\Program Files\nodejs\node.exe C:\Users\HP-Win8P\AppData\Roaming\npm\node_modules\firebase-tools\lib\bin\firebase.js login
[debug] [2019-03-18T04:23:54.855Z] CLI Version:   6.5.0
[debug] [2019-03-18T04:23:54.855Z] Platform:      win32
[debug] [2019-03-18T04:23:54.855Z] Node Version:  v10.15.3
[debug] [2019-03-18T04:23:54.858Z] Time:          Mon Mar 18 2019 09:53:54 GMT+0530 (India Standard Time)
[debug] [2019-03-18T04:23:54.858Z] ----------------------------------------------------------------------
[debug] 
[info] 
[info] Visit this URL on any device to log in:
[info] https://accounts.google.com/o/oauth2/auth?client_id=563584335869-fgrhgmd47bqnekij5i8b5pr03ho849e6.apps.googleusercontent.com&scope=email%20openid%20https%3A%2F%2Fwww.googleapis.com%2Fauth%2Fcloudplatformprojects.readonly%20https%3A%2F%2Fwww.googleapis.com%2Fauth%2Ffirebase%20https%3A%2F%2Fwww.googleapis.com%2Fauth%2Fcloud-platform&response_type=code&state=720695533&redirect_uri=http%3A%2F%2Flocalhost%3A9005
[info] 
[info] Waiting for authentication...
[debug] [2019-03-18T04:24:08.028Z] Unable to open URL: Error: spawn cmd ENOENT
    at Process.ChildProcess._handle.onexit (internal/child_process.js:240:19)
    at onErrorNT (internal/child_process.js:415:16)
    at process._tickCallback (internal/process/next_tick.js:63:19)
[debug] [2019-03-18T04:27:54.759Z] ----------------------------------------------------------------------
[debug] [2019-03-18T04:27:54.767Z] Command:       C:\Program Files\nodejs\node.exe C:\Users\HP-Win8P\AppData\Roaming\npm\node_modules\firebase-tools\lib\bin\firebase.js login
[debug] [2019-03-18T04:27:54.768Z] CLI Version:   6.5.0
[debug] [2019-03-18T04:27:54.768Z] Platform:      win32
[debug] [2019-03-18T04:27:54.768Z] Node Version:  v10.15.3
[debug] [2019-03-18T04:27:54.772Z] Time:          Mon Mar 18 2019 09:57:54 GMT+0530 (India Standard Time)
[debug] [2019-03-18T04:27:54.772Z] ----------------------------------------------------------------------
[debug] 
[info] 
[info] Visit this URL on any device to log in:
[info] https://accounts.google.com/o/oauth2/auth?client_id=563584335869-fgrhgmd47bqnekij5i8b5pr03ho849e6.apps.googleusercontent.com&scope=email%20openid%20https%3A%2F%2Fwww.googleapis.com%2Fauth%2Fcloudplatformprojects.readonly%20https%3A%2F%2Fwww.googleapis.com%2Fauth%2Ffirebase%20https%3A%2F%2Fwww.googleapis.com%2Fauth%2Fcloud-platform&response_type=code&state=146086100&redirect_uri=http%3A%2F%2Flocalhost%3A9005
[info] 
[info] Waiting for authentication...
[debug] [2019-03-18T04:28:08.133Z] Unable to open URL: Error: spawn cmd ENOENT
    at Process.ChildProcess._handle.onexit (internal/child_process.js:240:19)
    at onErrorNT (internal/child_process.js:415:16)
    at process._tickCallback (internal/process/next_tick.js:63:19)
[debug] [2019-03-18T04:34:05.532Z] ----------------------------------------------------------------------
[debug] [2019-03-18T04:34:05.540Z] Command:       C:\Program Files\nodejs\node.exe C:\Users\HP-Win8P\AppData\Roaming\npm\node_modules\firebase-tools\lib\bin\firebase.js login
[debug] [2019-03-18T04:34:05.541Z] CLI Version:   6.5.0
[debug] [2019-03-18T04:34:05.541Z] Platform:      win32
[debug] [2019-03-18T04:34:05.541Z] Node Version:  v10.15.3
[debug] [2019-03-18T04:34:05.544Z] Time:          Mon Mar 18 2019 10:04:05 GMT+0530 (India Standard Time)
[debug] [2019-03-18T04:34:05.544Z] ----------------------------------------------------------------------
[debug] 
[info] 
[info] Visit this URL on any device to log in:
[info] https://accounts.google.com/o/oauth2/auth?client_id=563584335869-fgrhgmd47bqnekij5i8b5pr03ho849e6.apps.googleusercontent.com&scope=email%20openid%20https%3A%2F%2Fwww.googleapis.com%2Fauth%2Fcloudplatformprojects.readonly%20https%3A%2F%2Fwww.googleapis.com%2Fauth%2Ffirebase%20https%3A%2F%2Fwww.googleapis.com%2Fauth%2Fcloud-platform&response_type=code&state=46495272&redirect_uri=http%3A%2F%2Flocalhost%3A9005
[info] 
[info] Waiting for authentication...
[debug] [2019-03-18T04:34:09.140Z] Unable to open URL: Error: spawn cmd ENOENT
    at Process.ChildProcess._handle.onexit (internal/child_process.js:240:19)
    at onErrorNT (internal/child_process.js:415:16)
    at process._tickCallback (internal/process/next_tick.js:63:19)
